<?xml version='1.0' encoding='utf-8'?>
<testsuites tests="11" errors="0" failures="0"><testsuite name="ssp" tests="11" errors="0" failures="0" skipped="0" time="0.03391623497009277"><testcase name="tests/arg0-ownership" classname="ssp" time="0.03391623497009277" /><testcase name="tests/sigpipe" classname="ssp" time="0.033417463302612305" /><testcase name="tests/send-signal" classname="ssp" time="0.03655266761779785" /><testcase name="tests/dev-null" classname="ssp" time="0.04858684539794922" /><testcase name="tests/echo-cat-cat" classname="ssp" time="0.04694056510925293" /><testcase name="tests/single-cat" classname="ssp" time="0.038726091384887695" /><testcase name="tests/true-false" classname="ssp" time="0.028280258178710938" /><testcase name="tests/subreaper-child" classname="ssp" time="0.07972455024719238" /><testcase name="tests/single-sleep" classname="ssp" time="0.13203787803649902" /><testcase name="tests/ssp-wait" classname="ssp" time="0.13698434829711914" /><testcase name="tests/subreaper-grandchild" classname="ssp" time="0.17919063568115234" /></testsuite></testsuites>