<?xml version='1.0' encoding='utf-8'?>
<testsuites tests="3" errors="0" failures="0"><testsuite name="tps" tests="3" errors="0" failures="0" skipped="0" time="0.16916680335998535"><testcase name="tests/close_check.py" classname="tps" time="0.16916680335998535"><system-out>All file descriptors closed</system-out></testcase><testcase name="tests/execve_check.py" classname="tps" time="0.15337514877319336"><system-out>execve Not Used</system-out></testcase><testcase name="tests/ps_compare.py" classname="tps" time="0.04987072944641113"><system-out>All lines match between 'ps -eo pid:5,ucmd' and '/home/zhoulita/ece344/tps/build/tps'</system-out></testcase></testsuite></testsuites>